# JRE version: OpenJDK Runtime Environment (11.0.10) (build 11.0.10+0-b96-7249189)
# Java VM: OpenJDK 64-Bit Server VM (11.0.10+0-b96-7249189, mixed mode, tiered, compressed oops, g1 gc, windows-amd64)
Heap:
 garbage-first heap   total 818176K, used 242469K [0x0000000080000000, 0x0000000100000000)
  region size 1024K, 10 young (10240K), 10 survivors (10240K)
 Metaspace       used 110828K, capacity 113959K, committed 114256K, reserved 1148928K
  class space    used 13651K, capacity 14749K, committed 14848K, reserved 1048576K
GC Heap History (20 events):
Event: 1368.606 GC heap after
{Heap after GC invocations=74 (full 0):
 garbage-first heap   total 227328K, used 124462K [0x0000000080000000, 0x0000000100000000)
  region size 1024K, 2 young (2048K), 2 survivors (2048K)
 Metaspace       used 110792K, capacity 113948K, committed 114256K, reserved 1148928K
  class space    used 13648K, capacity 14746K, committed 14848K, reserved 1048576K
}
Event: 1368.713 GC heap before
{Heap before GC invocations=74 (full 0):
 garbage-first heap   total 227328K, used 182830K [0x0000000080000000, 0x0000000100000000)
  region size 1024K, 59 young (60416K), 2 survivors (2048K)
 Metaspace       used 110792K, capacity 113948K, committed 114256K, reserved 1148928K
  class space    used 13648K, capacity 14746K, committed 14848K, reserved 1048576K
}
Event: 1368.721 GC heap after
{Heap after GC invocations=75 (full 0):
 garbage-first heap   total 273408K, used 135539K [0x0000000080000000, 0x0000000100000000)
  region size 1024K, 8 young (8192K), 8 survivors (8192K)
 Metaspace       used 110792K, capacity 113948K, committed 114256K, reserved 1148928K
  class space    used 13648K, capacity 14746K, committed 14848K, reserved 1048576K
}
Event: 1368.904 GC heap before
{Heap before GC invocations=75 (full 0):
 garbage-first heap   total 273408K, used 213363K [0x0000000080000000, 0x0000000100000000)
  region size 1024K, 84 young (86016K), 8 survivors (8192K)
 Metaspace       used 110792K, capacity 113948K, committed 114256K, reserved 1148928K
  class space    used 13648K, capacity 14746K, committed 14848K, reserved 1048576K
}
Event: 1368.913 GC heap after
{Heap after GC invocations=76 (full 0):
 garbage-first heap   total 273408K, used 150528K [0x0000000080000000, 0x0000000100000000)
  region size 1024K, 11 young (11264K), 11 survivors (11264K)
 Metaspace       used 110792K, capacity 113948K, committed 114256K, reserved 1148928K
  class space    used 13648K, capacity 14746K, committed 14848K, reserved 1048576K
}
Event: 1369.155 GC heap before
{Heap before GC invocations=77 (full 0):
 garbage-first heap   total 273408K, used 217088K [0x0000000080000000, 0x0000000100000000)
  region size 1024K, 77 young (78848K), 11 survivors (11264K)
 Metaspace       used 110809K, capacity 113953K, committed 114256K, reserved 1148928K
  class space    used 13649K, capacity 14747K, committed 14848K, reserved 1048576K
}
Event: 1369.176 GC heap after
{Heap after GC invocations=78 (full 0):
 garbage-first heap   total 273408K, used 168418K [0x0000000080000000, 0x0000000100000000)
  region size 1024K, 10 young (10240K), 10 survivors (10240K)
 Metaspace       used 110809K, capacity 113953K, committed 114256K, reserved 1148928K
  class space    used 13649K, capacity 14747K, committed 14848K, reserved 1048576K
}
Event: 1369.180 GC heap before
{Heap before GC invocations=78 (full 0):
 garbage-first heap   total 273408K, used 171490K [0x0000000080000000, 0x0000000100000000)
  region size 1024K, 13 young (13312K), 10 survivors (10240K)
 Metaspace       used 110809K, capacity 113953K, committed 114256K, reserved 1148928K
  class space    used 13649K, capacity 14747K, committed 14848K, reserved 1048576K
}
Event: 1369.196 GC heap after
{Heap after GC invocations=79 (full 0):
 garbage-first heap   total 273408K, used 170463K [0x0000000080000000, 0x0000000100000000)
  region size 1024K, 2 young (2048K), 2 survivors (2048K)
 Metaspace       used 110809K, capacity 113953K, committed 114256K, reserved 1148928K
  class space    used 13649K, capacity 14747K, committed 14848K, reserved 1048576K
}
Event: 1369.312 GC heap before
{Heap before GC invocations=79 (full 0):
 garbage-first heap   total 273408K, used 220639K [0x0000000080000000, 0x0000000100000000)
  region size 1024K, 51 young (52224K), 2 survivors (2048K)
 Metaspace       used 110822K, capacity 113953K, committed 114256K, reserved 1148928K
  class space    used 13649K, capacity 14747K, committed 14848K, reserved 1048576K
}
Event: 1369.331 GC heap after
{Heap after GC invocations=80 (full 0):
 garbage-first heap   total 273408K, used 181760K [0x0000000080000000, 0x0000000100000000)
  region size 1024K, 7 young (7168K), 7 survivors (7168K)
 Metaspace       used 110822K, capacity 113953K, committed 114256K, reserved 1148928K
  class space    used 13649K, capacity 14747K, committed 14848K, reserved 1048576K
}
Event: 1369.508 GC heap before
{Heap before GC invocations=80 (full 0):
 garbage-first heap   total 273408K, used 221696K [0x0000000080000000, 0x0000000100000000)
  region size 1024K, 47 young (48128K), 7 survivors (7168K)
 Metaspace       used 110822K, capacity 113953K, committed 114256K, reserved 1148928K
  class space    used 13649K, capacity 14747K, committed 14848K, reserved 1048576K
}
Event: 1369.539 GC heap after
{Heap after GC invocations=81 (full 0):
 garbage-first heap   total 379904K, used 192917K [0x0000000080000000, 0x0000000100000000)
  region size 1024K, 6 young (6144K), 6 survivors (6144K)
 Metaspace       used 110822K, capacity 113953K, committed 114256K, reserved 1148928K
  class space    used 13649K, capacity 14747K, committed 14848K, reserved 1048576K
}
Event: 1369.944 GC heap before
{Heap before GC invocations=82 (full 0):
 garbage-first heap   total 379904K, used 276885K [0x0000000080000000, 0x0000000100000000)
  region size 1024K, 88 young (90112K), 6 survivors (6144K)
 Metaspace       used 110827K, capacity 113959K, committed 114256K, reserved 1148928K
  class space    used 13650K, capacity 14749K, committed 14848K, reserved 1048576K
}
Event: 1370.019 GC heap after
{Heap after GC invocations=83 (full 0):
 garbage-first heap   total 379904K, used 216064K [0x0000000080000000, 0x0000000100000000)
  region size 1024K, 11 young (11264K), 11 survivors (11264K)
 Metaspace       used 110827K, capacity 113959K, committed 114256K, reserved 1148928K
  class space    used 13650K, capacity 14749K, committed 14848K, reserved 1048576K
}
Event: 1370.042 GC heap before
{Heap before GC invocations=83 (full 0):
 garbage-first heap   total 379904K, used 223232K [0x0000000080000000, 0x0000000100000000)
  region size 1024K, 18 young (18432K), 11 survivors (11264K)
 Metaspace       used 110827K, capacity 113959K, committed 114256K, reserved 1148928K
  class space    used 13650K, capacity 14749K, committed 14848K, reserved 1048576K
}
Event: 1370.074 GC heap after
{Heap after GC invocations=84 (full 0):
 garbage-first heap   total 379904K, used 211910K [0x0000000080000000, 0x0000000100000000)
  region size 1024K, 3 young (3072K), 3 survivors (3072K)
 Metaspace       used 110827K, capacity 113959K, committed 114256K, reserved 1148928K
  class space    used 13650K, capacity 14749K, committed 14848K, reserved 1048576K
}
Event: 1370.170 GC heap before
{Heap before GC invocations=84 (full 0):
 garbage-first heap   total 379904K, used 259014K [0x0000000080000000, 0x0000000100000000)
  region size 1024K, 50 young (51200K), 3 survivors (3072K)
 Metaspace       used 110828K, capacity 113959K, committed 114256K, reserved 1148928K
  class space    used 13651K, capacity 14749K, committed 14848K, reserved 1048576K
}
Event: 1370.197 GC heap after
{Heap after GC invocations=85 (full 0):
 garbage-first heap   total 379904K, used 223232K [0x0000000080000000, 0x0000000100000000)
  region size 1024K, 10 young (10240K), 10 survivors (10240K)
 Metaspace       used 110828K, capacity 113959K, committed 114256K, reserved 1148928K
  class space    used 13651K, capacity 14749K, committed 14848K, reserved 1048576K
}
Event: 1370.567 GC heap before
{Heap before GC invocations=85 (full 0):
 garbage-first heap   total 379904K, used 292864K [0x0000000080000000, 0x0000000100000000)
  region size 1024K, 76 young (77824K), 10 survivors (10240K)
 Metaspace       used 110828K, capacity 113959K, committed 114256K, reserved 1148928K
  class space    used 13651K, capacity 14749K, committed 14848K, reserved 1048576K
}

